<?xml version="1.0" encoding="UTF-8"?>
<!-- Generated by org.testng.reporters.JUnitReportReporter -->
<testsuite skipped="0" hostname="LAPTOP-20464U94" name="testcases.TestCase1" tests="1" failures="0" timestamp="2020-02-26T19:29:02 EST" time="7.069" errors="0">
  <testcase name="verifyTitle" time="7.069" classname="testcases.TestCase1"/>
</testsuite> <!-- testcases.TestCase1 -->
